
ROM used:   30/4096 (1%)
            30/4096 (1%) including unused fragments

            0.0 Average locations per line
            3.3 Average locations per statement

RAM used:   4/383 (1%) at main() level
            15/383 (4%) worst case

Stack used: 0 worst case (0 in main + 0 for interrupts)
Stack size: 16

Lines Stmts  %   Files
----- ----- ---  -----
   25     9 100  main.c
  895     0   0  C:\Program Files (x86)\PICC\Devices\16F1827.h
----- -----
  920     9 Total

Page ROM  %  RAM   Vol Diff  Functions:
---- --- --- ---   --- ----  ----------
0     27  90    0   127  2.5  main
 Inline         0    59  4.2  @cinit1

Program metrics:
    Functions               2
    Statements              9
    Comments                150
    Volume (V)              231
    Difficulty (D)          6.0
    Effort to implement (E) 1384
    Time to implement (T)   1 minutes
    Est Delivered Bugs (B)  0
    Cyclomatic Complexity   1
    Maintainability (MI)    159

 Segment     Used  Free
-----------  ----  ----
00000-00002     3  0  
00003-007FF    27  2018  
00800-00FFF     0  2048  



